<?xml version="1.0" encoding="UTF-8"?>
<!-- Generated by org.testng.reporters.JUnitReportReporter -->
<testsuite skipped="0" hostname="anandakumar" name="com.selenium.spectrum.utility.Trial" tests="1" failures="0" timestamp="31 Aug 2018 23:19:00 GMT" time="0.011" errors="0">
  <testcase name="trialclass" time="0.011" classname="com.selenium.spectrum.utility.Trial"/>
</testsuite> <!-- com.selenium.spectrum.utility.Trial -->
